<?xml version="1.0" encoding="UTF-8"?>
<!-- Generated by org.testng.reporters.JUnitXMLReporter -->
<testsuite ignored="0" hostname="LAPTOP-MOABL95Q" failures="1" tests="2" name="Error Validations Test" time="10.06" errors="0" timestamp="2024-11-10T20:20:47 IST">
  <testcase classname="RoshanAcademy.SeleniumFrameworkDesign.ErrorValidations" name="loginErrorValidation" time="0.611">
    <skipped/>
  </testcase> <!-- loginErrorValidation -->
  <testcase classname="RoshanAcademy.SeleniumFrameworkDesign.ErrorValidations" name="loginErrorValidation" time="0.773">
    <failure type="java.lang.AssertionError" message="expected [Incorrect email or password.] but found [ncorrect email or password.]">
      <![CDATA[java.lang.AssertionError: expected [Incorrect email or password.] but found [ncorrect email or password.]
at RoshanAcademy.SeleniumFrameworkDesign.ErrorValidations.loginErrorValidation(ErrorValidations.java:41)
at java.base/java.util.ArrayList.forEach(ArrayList.java:1511)
at java.base/java.util.concurrent.FutureTask.run(FutureTask.java:264)
at java.base/java.util.concurrent.ThreadPoolExecutor.runWorker(ThreadPoolExecutor.java:1136)
at java.base/java.util.concurrent.ThreadPoolExecutor$Worker.run(ThreadPoolExecutor.java:635)
at java.base/java.lang.Thread.run(Thread.java:840)
... Removed 23 stack frames]]>
    </failure>
  </testcase> <!-- loginErrorValidation -->
</testsuite> <!-- Error Validations Test -->
