<?xml version="1.0" encoding="UTF-8"?>
<!-- Generated by org.testng.reporters.JUnitXMLReporter -->
<testsuite ignored="0" hostname="LAPTOP-MOABL95Q" failures="1" tests="2" name="Error Validations Test" time="17.963" errors="0" timestamp="2024-11-16T20:43:23 IST">
  <testcase classname="RoshanAcademy.SeleniumFrameworkDesign.ErrorValidations" name="loginErrorValidation" time="2.008">
    <skipped/>
  </testcase> <!-- loginErrorValidation -->
  <testcase classname="RoshanAcademy.SeleniumFrameworkDesign.ErrorValidations" name="loginErrorValidation" time="1.367">
    <failure type="java.lang.AssertionError" message="expected [Incorrect email or password.] but found [ncorrect email or password.]">
      <![CDATA[java.lang.AssertionError: expected [Incorrect email or password.] but found [ncorrect email or password.]
at RoshanAcademy.SeleniumFrameworkDesign.ErrorValidations.loginErrorValidation(ErrorValidations.java:41)
at java.base/java.util.ArrayList.forEach(ArrayList.java:1596)
at java.base/java.util.concurrent.FutureTask.run(FutureTask.java:317)
at java.base/java.util.concurrent.ThreadPoolExecutor.runWorker(ThreadPoolExecutor.java:1144)
at java.base/java.util.concurrent.ThreadPoolExecutor$Worker.run(ThreadPoolExecutor.java:642)
at java.base/java.lang.Thread.run(Thread.java:1583)
... Removed 21 stack frames]]>
    </failure>
  </testcase> <!-- loginErrorValidation -->
</testsuite> <!-- Error Validations Test -->
